<?xml version="1.0" encoding="UTF-8"?>
<testng-results skipped="0" failed="0" ignored="0" total="1" passed="1">
  <reporter-output>
  </reporter-output>
  <suite name="Default suite" duration-ms="10821" started-at="2019-07-10T16:56:20Z" finished-at="2019-07-10T16:56:31Z">
    <groups>
    </groups>
    <test name="Default test" duration-ms="10821" started-at="2019-07-10T16:56:20Z" finished-at="2019-07-10T16:56:31Z">
      <class name="datadriven.NewTest">
        <test-method status="PASS" signature="f()[pri:0, instance:datadriven.NewTest@475530b9]" name="f" duration-ms="10778" started-at="2019-07-10T16:56:20Z" finished-at="2019-07-10T16:56:31Z">
          <reporter-output>
          </reporter-output>
        </test-method> <!-- f -->
      </class> <!-- datadriven.NewTest -->
    </test> <!-- Default test -->
  </suite> <!-- Default suite -->
</testng-results>
