<?xml version="1.0" encoding="UTF-8"?>
<!-- Generated by org.testng.reporters.JUnitXMLReporter -->
<testsuite hostname="DESKTOP-QN6CF8Q" ignored="0" name="Test2" tests="4" failures="0" timestamp="04 Jul 2019 11:33:05 GMT" time="0.081" errors="0">
  <testcase name="rum" time="0.008" classname="demo.NewTest5"/>
  <testcase name="f" time="0.011" classname="demo.NewTest"/>
  <testcase name="f" time="0.014" classname="demo.NewTest4"/>
  <testcase name="f" time="0.003" classname="demo.NewTest5"/>
</testsuite> <!-- Test2 -->
